{"/home/willdeines/Projects/marketing-site/components/blog/blog-post.tsx": {"path":"/home/willdeines/Projects/marketing-site/components/blog/blog-post.tsx","statementMap":{"0":{"start":{"line":12,"column":24},"end":{"line":12,"column":33}},"1":{"start":{"line":1,"column":17},"end":{"line":1,"column":null}},"2":{"start":{"line":2,"column":23},"end":{"line":2,"column":null}},"3":{"start":{"line":3,"column":32},"end":{"line":3,"column":null}},"4":{"start":{"line":4,"column":63},"end":{"line":4,"column":null}},"5":{"start":{"line":5,"column":26},"end":{"line":5,"column":null}},"6":{"start":{"line":21,"column":16},"end":{"line":22,"column":null}},"7":{"start":{"line":64,"column":14},"end":{"line":64,"column":null}}},"fnMap":{"0":{"name":"BlogPost","decl":{"start":{"line":12,"column":24},"end":{"line":12,"column":33}},"loc":{"start":{"line":12,"column":71},"end":{"line":85,"column":null}}},"1":{"name":"(anonymous_3)","decl":{"start":{"line":20,"column":33},"end":{"line":20,"column":34}},"loc":{"start":{"line":21,"column":16},"end":{"line":22,"column":null}}},"2":{"name":"(anonymous_4)","decl":{"start":{"line":63,"column":39},"end":{"line":63,"column":40}},"loc":{"start":{"line":64,"column":14},"end":{"line":64,"column":null}}}},"branchMap":{"0":{"loc":{"start":{"line":26,"column":19},"end":{"line":26,"column":null}},"type":"binary-expr","locations":[{"start":{"line":26,"column":19},"end":{"line":26,"column":36}},{"start":{"line":26,"column":40},"end":{"line":26,"column":null}}]},"1":{"loc":{"start":{"line":33,"column":17},"end":{"line":33,"column":57}},"type":"binary-expr","locations":[{"start":{"line":33,"column":17},"end":{"line":33,"column":42}},{"start":{"line":33,"column":46},"end":{"line":33,"column":57}}]},"2":{"loc":{"start":{"line":51,"column":24},"end":{"line":51,"column":null}},"type":"cond-expr","locations":[{"start":{"line":51,"column":36},"end":{"line":51,"column":92}},{"start":{"line":51,"column":92},"end":{"line":51,"column":null}}]}},"s":{"0":13,"1":1,"2":1,"3":1,"4":1,"5":1,"6":26,"7":23},"f":{"0":13,"1":26,"2":23},"b":{"0":[26,0],"1":[13,0],"2":[12,1]}}
,"/home/willdeines/Projects/marketing-site/components/ui/button.tsx": {"path":"/home/willdeines/Projects/marketing-site/components/ui/button.tsx","statementMap":{"0":{"start":{"line":56,"column":9},"end":{"line":56,"column":15}},"1":{"start":{"line":56,"column":17},"end":{"line":56,"column":31}},"2":{"start":{"line":1,"column":23},"end":{"line":1,"column":null}},"3":{"start":{"line":2,"column":21},"end":{"line":2,"column":null}},"4":{"start":{"line":3,"column":39},"end":{"line":3,"column":null}},"5":{"start":{"line":5,"column":19},"end":{"line":5,"column":null}},"6":{"start":{"line":7,"column":23},"end":{"line":33,"column":null}},"7":{"start":{"line":42,"column":15},"end":{"line":52,"column":null}},"8":{"start":{"line":44,"column":17},"end":{"line":44,"column":null}},"9":{"start":{"line":54,"column":0},"end":{"line":54,"column":null}}},"fnMap":{"0":{"name":"(anonymous_6)","decl":{"start":{"line":43,"column":2},"end":{"line":43,"column":3}},"loc":{"start":{"line":43,"column":60},"end":{"line":52,"column":null}}}},"branchMap":{"0":{"loc":{"start":{"line":43,"column":31},"end":{"line":43,"column":46}},"type":"default-arg","locations":[{"start":{"line":43,"column":41},"end":{"line":43,"column":46}}]},"1":{"loc":{"start":{"line":44,"column":17},"end":{"line":44,"column":null}},"type":"cond-expr","locations":[{"start":{"line":44,"column":27},"end":{"line":44,"column":31}},{"start":{"line":44,"column":34},"end":{"line":44,"column":null}}]}},"s":{"0":13,"1":0,"2":1,"3":1,"4":1,"5":1,"6":1,"7":1,"8":13,"9":1},"f":{"0":13},"b":{"0":[0],"1":[13,0]}}
,"/home/willdeines/Projects/marketing-site/components/ui/responsive-image.tsx": {"path":"/home/willdeines/Projects/marketing-site/components/ui/responsive-image.tsx","statementMap":{"0":{"start":{"line":12,"column":16},"end":{"line":12,"column":32}},"1":{"start":{"line":1,"column":18},"end":{"line":1,"column":null}}},"fnMap":{"0":{"name":"ResponsiveImage","decl":{"start":{"line":12,"column":16},"end":{"line":12,"column":32}},"loc":{"start":{"line":19,"column":23},"end":{"line":84,"column":null}}}},"branchMap":{"0":{"loc":{"start":{"line":15,"column":2},"end":{"line":15,"column":14}},"type":"default-arg","locations":[{"start":{"line":15,"column":9},"end":{"line":15,"column":14}}]},"1":{"loc":{"start":{"line":16,"column":2},"end":{"line":16,"column":16}},"type":"default-arg","locations":[{"start":{"line":16,"column":14},"end":{"line":16,"column":16}}]},"2":{"loc":{"start":{"line":17,"column":2},"end":{"line":17,"column":18}},"type":"default-arg","locations":[{"start":{"line":17,"column":13},"end":{"line":17,"column":18}}]},"3":{"loc":{"start":{"line":18,"column":2},"end":{"line":18,"column":72}},"type":"default-arg","locations":[{"start":{"line":18,"column":10},"end":{"line":18,"column":72}}]}},"s":{"0":17,"1":1},"f":{"0":17},"b":{"0":[3],"1":[3],"2":[4],"3":[17]}}
,"/home/willdeines/Projects/marketing-site/lib/blog-utils.ts": {"path":"/home/willdeines/Projects/marketing-site/lib/blog-utils.ts","statementMap":{"0":{"start":{"line":58,"column":16},"end":{"line":58,"column":26}},"1":{"start":{"line":41,"column":13},"end":{"line":41,"column":25}},"2":{"start":{"line":173,"column":16},"end":{"line":173,"column":38}},"3":{"start":{"line":163,"column":16},"end":{"line":163,"column":31}},"4":{"start":{"line":117,"column":16},"end":{"line":117,"column":31}},"5":{"start":{"line":67,"column":16},"end":{"line":67,"column":32}},"6":{"start":{"line":151,"column":22},"end":{"line":151,"column":35}},"7":{"start":{"line":189,"column":16},"end":{"line":189,"column":24}},"8":{"start":{"line":132,"column":16},"end":{"line":132,"column":31}},"9":{"start":{"line":56,"column":13},"end":{"line":56,"column":18}},"10":{"start":{"line":48,"column":13},"end":{"line":48,"column":27}},"11":{"start":{"line":1,"column":22},"end":{"line":1,"column":null}},"12":{"start":{"line":41,"column":52},"end":{"line":46,"column":null}},"13":{"start":{"line":48,"column":54},"end":{"line":54,"column":null}},"14":{"start":{"line":56,"column":29},"end":{"line":56,"column":38}},"15":{"start":{"line":59,"column":15},"end":{"line":59,"column":null}},"16":{"start":{"line":60,"column":2},"end":{"line":64,"column":null}},"17":{"start":{"line":86,"column":22},"end":{"line":86,"column":null}},"18":{"start":{"line":89,"column":2},"end":{"line":91,"column":null}},"19":{"start":{"line":90,"column":4},"end":{"line":90,"column":null}},"20":{"start":{"line":90,"column":51},"end":{"line":90,"column":null}},"21":{"start":{"line":90,"column":77},"end":{"line":90,"column":null}},"22":{"start":{"line":94,"column":2},"end":{"line":96,"column":null}},"23":{"start":{"line":95,"column":4},"end":{"line":95,"column":null}},"24":{"start":{"line":95,"column":51},"end":{"line":95,"column":null}},"25":{"start":{"line":99,"column":2},"end":{"line":100,"column":null}},"26":{"start":{"line":100,"column":14},"end":{"line":100,"column":null}},"27":{"start":{"line":104,"column":2},"end":{"line":104,"column":null}},"28":{"start":{"line":104,"column":31},"end":{"line":104,"column":null}},"29":{"start":{"line":107,"column":21},"end":{"line":107,"column":null}},"30":{"start":{"line":108,"column":25},"end":{"line":108,"column":null}},"31":{"start":{"line":110,"column":2},"end":{"line":114,"column":null}},"32":{"start":{"line":118,"column":23},"end":{"line":118,"column":null}},"33":{"start":{"line":121,"column":2},"end":{"line":123,"column":null}},"34":{"start":{"line":122,"column":4},"end":{"line":122,"column":null}},"35":{"start":{"line":122,"column":53},"end":{"line":122,"column":null}},"36":{"start":{"line":122,"column":79},"end":{"line":122,"column":null}},"37":{"start":{"line":126,"column":2},"end":{"line":126,"column":null}},"38":{"start":{"line":126,"column":32},"end":{"line":126,"column":null}},"39":{"start":{"line":129,"column":2},"end":{"line":129,"column":null}},"40":{"start":{"line":133,"column":22},"end":{"line":133,"column":null}},"41":{"start":{"line":133,"column":43},"end":{"line":133,"column":null}},"42":{"start":{"line":135,"column":2},"end":{"line":135,"column":null}},"43":{"start":{"line":135,"column":20},"end":{"line":135,"column":null}},"44":{"start":{"line":138,"column":23},"end":{"line":141,"column":103}},"45":{"start":{"line":140,"column":6},"end":{"line":141,"column":103}},"46":{"start":{"line":141,"column":33},"end":{"line":141,"column":70}},"47":{"start":{"line":145,"column":2},"end":{"line":145,"column":null}},"48":{"start":{"line":145,"column":30},"end":{"line":145,"column":null}},"49":{"start":{"line":148,"column":2},"end":{"line":148,"column":null}},"50":{"start":{"line":152,"column":2},"end":{"line":160,"column":null}},"51":{"start":{"line":155,"column":17},"end":{"line":155,"column":null}},"52":{"start":{"line":155,"column":57},"end":{"line":155,"column":30}},"53":{"start":{"line":155,"column":76},"end":{"line":155,"column":90}},"54":{"start":{"line":156,"column":4},"end":{"line":156,"column":null}},"55":{"start":{"line":158,"column":4},"end":{"line":158,"column":null}},"56":{"start":{"line":159,"column":4},"end":{"line":159,"column":null}},"57":{"start":{"line":164,"column":23},"end":{"line":164,"column":null}},"58":{"start":{"line":166,"column":2},"end":{"line":168,"column":null}},"59":{"start":{"line":167,"column":4},"end":{"line":167,"column":null}},"60":{"start":{"line":167,"column":33},"end":{"line":167,"column":null}},"61":{"start":{"line":170,"column":2},"end":{"line":170,"column":null}},"62":{"start":{"line":174,"column":27},"end":{"line":180,"column":null}},"63":{"start":{"line":174,"column":68},"end":{"line":180,"column":null}},"64":{"start":{"line":182,"column":2},"end":{"line":186,"column":null}},"65":{"start":{"line":190,"column":22},"end":{"line":190,"column":null}},"66":{"start":{"line":193,"column":2},"end":{"line":196,"column":null}},"67":{"start":{"line":194,"column":22},"end":{"line":194,"column":null}},"68":{"start":{"line":195,"column":4},"end":{"line":195,"column":null}},"69":{"start":{"line":195,"column":51},"end":{"line":195,"column":null}},"70":{"start":{"line":195,"column":77},"end":{"line":195,"column":null}},"71":{"start":{"line":199,"column":2},"end":{"line":199,"column":null}},"72":{"start":{"line":199,"column":31},"end":{"line":199,"column":null}},"73":{"start":{"line":202,"column":2},"end":{"line":202,"column":null}}},"fnMap":{"0":{"name":"formatDate","decl":{"start":{"line":58,"column":16},"end":{"line":58,"column":26}},"loc":{"start":{"line":58,"column":45},"end":{"line":65,"column":null}}},"1":{"name":"getFilteredPosts","decl":{"start":{"line":67,"column":16},"end":{"line":67,"column":32}},"loc":{"start":{"line":81,"column":1},"end":{"line":115,"column":null}}},"2":{"name":"(anonymous_18)","decl":{"start":{"line":90,"column":41},"end":{"line":90,"column":42}},"loc":{"start":{"line":90,"column":51},"end":{"line":90,"column":null}}},"3":{"name":"(anonymous_19)","decl":{"start":{"line":90,"column":70},"end":{"line":90,"column":71}},"loc":{"start":{"line":90,"column":77},"end":{"line":90,"column":null}}},"4":{"name":"(anonymous_20)","decl":{"start":{"line":95,"column":41},"end":{"line":95,"column":42}},"loc":{"start":{"line":95,"column":51},"end":{"line":95,"column":null}}},"5":{"name":"(anonymous_21)","decl":{"start":{"line":100,"column":4},"end":{"line":100,"column":5}},"loc":{"start":{"line":100,"column":14},"end":{"line":100,"column":null}}},"6":{"name":"(anonymous_22)","decl":{"start":{"line":104,"column":21},"end":{"line":104,"column":22}},"loc":{"start":{"line":104,"column":31},"end":{"line":104,"column":null}}},"7":{"name":"getFeaturedPost","decl":{"start":{"line":117,"column":16},"end":{"line":117,"column":31}},"loc":{"start":{"line":117,"column":55},"end":{"line":130,"column":null}}},"8":{"name":"(anonymous_24)","decl":{"start":{"line":122,"column":43},"end":{"line":122,"column":44}},"loc":{"start":{"line":122,"column":53},"end":{"line":122,"column":null}}},"9":{"name":"(anonymous_25)","decl":{"start":{"line":122,"column":72},"end":{"line":122,"column":73}},"loc":{"start":{"line":122,"column":79},"end":{"line":122,"column":null}}},"10":{"name":"(anonymous_26)","decl":{"start":{"line":126,"column":22},"end":{"line":126,"column":23}},"loc":{"start":{"line":126,"column":32},"end":{"line":126,"column":null}}},"11":{"name":"getRelatedPosts","decl":{"start":{"line":132,"column":16},"end":{"line":132,"column":31}},"loc":{"start":{"line":132,"column":62},"end":{"line":149,"column":null}}},"12":{"name":"(anonymous_28)","decl":{"start":{"line":133,"column":33},"end":{"line":133,"column":34}},"loc":{"start":{"line":133,"column":43},"end":{"line":133,"column":null}}},"13":{"name":"(anonymous_29)","decl":{"start":{"line":139,"column":4},"end":{"line":139,"column":5}},"loc":{"start":{"line":140,"column":6},"end":{"line":141,"column":103}}},"14":{"name":"(anonymous_30)","decl":{"start":{"line":141,"column":26},"end":{"line":141,"column":27}},"loc":{"start":{"line":141,"column":33},"end":{"line":141,"column":70}}},"15":{"name":"(anonymous_31)","decl":{"start":{"line":145,"column":20},"end":{"line":145,"column":21}},"loc":{"start":{"line":145,"column":30},"end":{"line":145,"column":null}}},"16":{"name":"getPostBySlug","decl":{"start":{"line":151,"column":22},"end":{"line":151,"column":35}},"loc":{"start":{"line":151,"column":48},"end":{"line":161,"column":null}}},"17":{"name":"(anonymous_33)","decl":{"start":{"line":155,"column":57},"end":{"line":155,"column":59}},"loc":{"start":{"line":155,"column":57},"end":{"line":155,"column":30}}},"18":{"name":"(anonymous_34)","decl":{"start":{"line":155,"column":64},"end":{"line":155,"column":65}},"loc":{"start":{"line":155,"column":76},"end":{"line":155,"column":90}}},"19":{"name":"getAllVerticals","decl":{"start":{"line":163,"column":16},"end":{"line":163,"column":31}},"loc":{"start":{"line":163,"column":16},"end":{"line":171,"column":null}}},"20":{"name":"(anonymous_36)","decl":{"start":{"line":166,"column":16},"end":{"line":166,"column":17}},"loc":{"start":{"line":166,"column":17},"end":{"line":168,"column":null}}},"21":{"name":"(anonymous_37)","decl":{"start":{"line":167,"column":26},"end":{"line":167,"column":27}},"loc":{"start":{"line":167,"column":33},"end":{"line":167,"column":null}}},"22":{"name":"generateStructuredData","decl":{"start":{"line":173,"column":16},"end":{"line":173,"column":38}},"loc":{"start":{"line":173,"column":52},"end":{"line":187,"column":null}}},"23":{"name":"(anonymous_39)","decl":{"start":{"line":174,"column":50},"end":{"line":174,"column":51}},"loc":{"start":{"line":174,"column":68},"end":{"line":180,"column":null}}},"24":{"name":"getPosts","decl":{"start":{"line":189,"column":16},"end":{"line":189,"column":24}},"loc":{"start":{"line":189,"column":106},"end":{"line":203,"column":null}}},"25":{"name":"(anonymous_41)","decl":{"start":{"line":195,"column":41},"end":{"line":195,"column":42}},"loc":{"start":{"line":195,"column":51},"end":{"line":195,"column":null}}},"26":{"name":"(anonymous_42)","decl":{"start":{"line":195,"column":70},"end":{"line":195,"column":71}},"loc":{"start":{"line":195,"column":77},"end":{"line":195,"column":null}}},"27":{"name":"(anonymous_43)","decl":{"start":{"line":199,"column":21},"end":{"line":199,"column":22}},"loc":{"start":{"line":199,"column":31},"end":{"line":199,"column":null}}}},"branchMap":{"0":{"loc":{"start":{"line":68,"column":2},"end":{"line":68,"column":15}},"type":"default-arg","locations":[{"start":{"line":68,"column":13},"end":{"line":68,"column":15}}]},"1":{"loc":{"start":{"line":69,"column":2},"end":{"line":69,"column":13}},"type":"default-arg","locations":[{"start":{"line":69,"column":11},"end":{"line":69,"column":13}}]},"2":{"loc":{"start":{"line":70,"column":2},"end":{"line":70,"column":20}},"type":"default-arg","locations":[{"start":{"line":70,"column":19},"end":{"line":70,"column":20}}]},"3":{"loc":{"start":{"line":71,"column":2},"end":{"line":71,"column":22}},"type":"default-arg","locations":[{"start":{"line":71,"column":19},"end":{"line":71,"column":22}}]},"4":{"loc":{"start":{"line":72,"column":2},"end":{"line":72,"column":10}},"type":"default-arg","locations":[{"start":{"line":72,"column":9},"end":{"line":72,"column":10}}]},"5":{"loc":{"start":{"line":73,"column":2},"end":{"line":73,"column":11}},"type":"default-arg","locations":[{"start":{"line":73,"column":10},"end":{"line":73,"column":11}}]},"6":{"loc":{"start":{"line":89,"column":2},"end":{"line":91,"column":null}},"type":"if","locations":[{"start":{"line":89,"column":2},"end":{"line":91,"column":null}}]},"7":{"loc":{"start":{"line":94,"column":2},"end":{"line":96,"column":null}},"type":"if","locations":[{"start":{"line":94,"column":2},"end":{"line":96,"column":null}}]},"8":{"loc":{"start":{"line":100,"column":14},"end":{"line":100,"column":null}},"type":"binary-expr","locations":[{"start":{"line":100,"column":14},"end":{"line":100,"column":52}},{"start":{"line":100,"column":52},"end":{"line":100,"column":null}}]},"9":{"loc":{"start":{"line":117,"column":32},"end":{"line":117,"column":55}},"type":"default-arg","locations":[{"start":{"line":117,"column":53},"end":{"line":117,"column":55}}]},"10":{"loc":{"start":{"line":121,"column":2},"end":{"line":123,"column":null}},"type":"if","locations":[{"start":{"line":121,"column":2},"end":{"line":123,"column":null}}]},"11":{"loc":{"start":{"line":129,"column":9},"end":{"line":129,"column":null}},"type":"cond-expr","locations":[{"start":{"line":129,"column":37},"end":{"line":129,"column":54}},{"start":{"line":129,"column":57},"end":{"line":129,"column":null}}]},"12":{"loc":{"start":{"line":132,"column":53},"end":{"line":132,"column":62}},"type":"default-arg","locations":[{"start":{"line":132,"column":61},"end":{"line":132,"column":62}}]},"13":{"loc":{"start":{"line":135,"column":2},"end":{"line":135,"column":null}},"type":"if","locations":[{"start":{"line":135,"column":2},"end":{"line":135,"column":null}}]},"14":{"loc":{"start":{"line":140,"column":6},"end":{"line":141,"column":103}},"type":"binary-expr","locations":[{"start":{"line":140,"column":6},"end":{"line":140,"column":null}},{"start":{"line":141,"column":7},"end":{"line":141,"column":70}},{"start":{"line":141,"column":70},"end":{"line":141,"column":103}}]},"15":{"loc":{"start":{"line":189,"column":27},"end":{"line":189,"column":36}},"type":"default-arg","locations":[{"start":{"line":189,"column":35},"end":{"line":189,"column":36}}]},"16":{"loc":{"start":{"line":189,"column":38},"end":{"line":189,"column":54}},"type":"default-arg","locations":[{"start":{"line":189,"column":49},"end":{"line":189,"column":54}}]},"17":{"loc":{"start":{"line":193,"column":2},"end":{"line":196,"column":null}},"type":"if","locations":[{"start":{"line":193,"column":2},"end":{"line":196,"column":null}}]},"18":{"loc":{"start":{"line":194,"column":22},"end":{"line":194,"column":null}},"type":"cond-expr","locations":[{"start":{"line":194,"column":48},"end":{"line":194,"column":59}},{"start":{"line":194,"column":59},"end":{"line":194,"column":null}}]}},"s":{"0":0,"1":13,"2":0,"3":0,"4":0,"5":0,"6":0,"7":0,"8":0,"9":0,"10":26,"11":1,"12":1,"13":1,"14":1,"15":0,"16":0,"17":0,"18":0,"19":0,"20":0,"21":0,"22":0,"23":0,"24":0,"25":0,"26":0,"27":0,"28":0,"29":0,"30":0,"31":0,"32":0,"33":0,"34":0,"35":0,"36":0,"37":0,"38":0,"39":0,"40":0,"41":0,"42":0,"43":0,"44":0,"45":0,"46":0,"47":0,"48":0,"49":0,"50":0,"51":0,"52":0,"53":0,"54":0,"55":0,"56":0,"57":0,"58":0,"59":0,"60":0,"61":0,"62":0,"63":0,"64":0,"65":0,"66":0,"67":0,"68":0,"69":0,"70":0,"71":0,"72":0,"73":0},"f":{"0":0,"1":0,"2":0,"3":0,"4":0,"5":0,"6":0,"7":0,"8":0,"9":0,"10":0,"11":0,"12":0,"13":0,"14":0,"15":0,"16":0,"17":0,"18":0,"19":0,"20":0,"21":0,"22":0,"23":0,"24":0,"25":0,"26":0,"27":0},"b":{"0":[0],"1":[0],"2":[0],"3":[0],"4":[0],"5":[0],"6":[0],"7":[0],"8":[0,0],"9":[0],"10":[0],"11":[0,0],"12":[0],"13":[0],"14":[0,0,0],"15":[0],"16":[0],"17":[0],"18":[0,0]}}
,"/home/willdeines/Projects/marketing-site/lib/utils.ts": {"path":"/home/willdeines/Projects/marketing-site/lib/utils.ts","statementMap":{"0":{"start":{"line":4,"column":16},"end":{"line":4,"column":19}},"1":{"start":{"line":1,"column":38},"end":{"line":1,"column":null}},"2":{"start":{"line":2,"column":24},"end":{"line":2,"column":null}},"3":{"start":{"line":5,"column":2},"end":{"line":5,"column":null}}},"fnMap":{"0":{"name":"cn","decl":{"start":{"line":4,"column":16},"end":{"line":4,"column":19}},"loc":{"start":{"line":4,"column":42},"end":{"line":6,"column":null}}}},"branchMap":{},"s":{"0":13,"1":1,"2":1,"3":13},"f":{"0":13},"b":{}}
}
