TN:
SF:components/blog/blog-post.tsx
FN:12,BlogPost
FN:20,(anonymous_3)
FN:63,(anonymous_4)
FNF:3
FNH:3
FNDA:13,BlogPost
FNDA:26,(anonymous_3)
FNDA:23,(anonymous_4)
DA:1,1
DA:2,1
DA:3,1
DA:4,1
DA:5,1
DA:12,13
DA:21,26
DA:64,23
LF:8
LH:8
BRDA:26,0,0,26
BRDA:26,0,1,0
BRDA:33,1,0,13
BRDA:33,1,1,0
BRDA:51,2,0,12
BRDA:51,2,1,1
BRF:6
BRH:4
end_of_record
TN:
SF:components/ui/button.tsx
FN:43,(anonymous_6)
FNF:1
FNH:1
FNDA:13,(anonymous_6)
DA:1,1
DA:2,1
DA:3,1
DA:5,1
DA:7,1
DA:42,1
DA:44,13
DA:54,1
DA:56,13
LF:9
LH:9
BRDA:43,0,0,0
BRDA:44,1,0,13
BRDA:44,1,1,0
BRF:3
BRH:1
end_of_record
TN:
SF:components/ui/responsive-image.tsx
FN:12,ResponsiveImage
FNF:1
FNH:1
FNDA:17,ResponsiveImage
DA:1,1
DA:12,17
LF:2
LH:2
BRDA:15,0,0,3
BRDA:16,1,0,3
BRDA:17,2,0,4
BRDA:18,3,0,17
BRF:4
BRH:4
end_of_record
TN:
SF:lib/blog-utils.ts
FN:58,formatDate
FN:67,getFilteredPosts
FN:90,(anonymous_18)
FN:90,(anonymous_19)
FN:95,(anonymous_20)
FN:100,(anonymous_21)
FN:104,(anonymous_22)
FN:117,getFeaturedPost
FN:122,(anonymous_24)
FN:122,(anonymous_25)
FN:126,(anonymous_26)
FN:132,getRelatedPosts
FN:133,(anonymous_28)
FN:139,(anonymous_29)
FN:141,(anonymous_30)
FN:145,(anonymous_31)
FN:151,getPostBySlug
FN:155,(anonymous_33)
FN:155,(anonymous_34)
FN:163,getAllVerticals
FN:166,(anonymous_36)
FN:167,(anonymous_37)
FN:173,generateStructuredData
FN:174,(anonymous_39)
FN:189,getPosts
FN:195,(anonymous_41)
FN:195,(anonymous_42)
FN:199,(anonymous_43)
FNF:28
FNH:0
FNDA:0,formatDate
FNDA:0,getFilteredPosts
FNDA:0,(anonymous_18)
FNDA:0,(anonymous_19)
FNDA:0,(anonymous_20)
FNDA:0,(anonymous_21)
FNDA:0,(anonymous_22)
FNDA:0,getFeaturedPost
FNDA:0,(anonymous_24)
FNDA:0,(anonymous_25)
FNDA:0,(anonymous_26)
FNDA:0,getRelatedPosts
FNDA:0,(anonymous_28)
FNDA:0,(anonymous_29)
FNDA:0,(anonymous_30)
FNDA:0,(anonymous_31)
FNDA:0,getPostBySlug
FNDA:0,(anonymous_33)
FNDA:0,(anonymous_34)
FNDA:0,getAllVerticals
FNDA:0,(anonymous_36)
FNDA:0,(anonymous_37)
FNDA:0,generateStructuredData
FNDA:0,(anonymous_39)
FNDA:0,getPosts
FNDA:0,(anonymous_41)
FNDA:0,(anonymous_42)
FNDA:0,(anonymous_43)
DA:1,1
DA:41,13
DA:48,26
DA:56,1
DA:58,0
DA:59,0
DA:60,0
DA:67,0
DA:86,0
DA:89,0
DA:90,0
DA:94,0
DA:95,0
DA:99,0
DA:100,0
DA:104,0
DA:107,0
DA:108,0
DA:110,0
DA:117,0
DA:118,0
DA:121,0
DA:122,0
DA:126,0
DA:129,0
DA:132,0
DA:133,0
DA:135,0
DA:138,0
DA:140,0
DA:141,0
DA:145,0
DA:148,0
DA:151,0
DA:152,0
DA:155,0
DA:156,0
DA:158,0
DA:159,0
DA:163,0
DA:164,0
DA:166,0
DA:167,0
DA:170,0
DA:173,0
DA:174,0
DA:182,0
DA:189,0
DA:190,0
DA:193,0
DA:194,0
DA:195,0
DA:199,0
DA:202,0
LF:54
LH:4
BRDA:68,0,0,0
BRDA:69,1,0,0
BRDA:70,2,0,0
BRDA:71,3,0,0
BRDA:72,4,0,0
BRDA:73,5,0,0
BRDA:89,6,0,0
BRDA:94,7,0,0
BRDA:100,8,0,0
BRDA:100,8,1,0
BRDA:117,9,0,0
BRDA:121,10,0,0
BRDA:129,11,0,0
BRDA:129,11,1,0
BRDA:132,12,0,0
BRDA:135,13,0,0
BRDA:140,14,0,0
BRDA:140,14,1,0
BRDA:140,14,2,0
BRDA:189,15,0,0
BRDA:189,16,0,0
BRDA:193,17,0,0
BRDA:194,18,0,0
BRDA:194,18,1,0
BRF:24
BRH:0
end_of_record
TN:
SF:lib/utils.ts
FN:4,cn
FNF:1
FNH:1
FNDA:13,cn
DA:1,1
DA:2,1
DA:4,13
DA:5,13
LF:4
LH:4
BRF:0
BRH:0
end_of_record
