TN:
SF:components/closing-cta.tsx
FN:7,ClosingCTA
FN:11,(anonymous_3)
FN:12,(anonymous_4)
FN:16,(anonymous_5)
FN:21,(anonymous_6)
FNF:5
FNH:5
FNDA:4,ClosingCTA
FNDA:2,(anonymous_3)
FNDA:1,(anonymous_4)
FNDA:1,(anonymous_5)
FNDA:2,(anonymous_6)
DA:3,1
DA:4,1
DA:5,1
DA:7,2
DA:8,4
DA:11,4
DA:12,2
DA:13,1
DA:16,1
DA:17,1
DA:21,2
LF:11
LH:11
BRDA:55,0,0,1
BRDA:55,0,1,3
BRF:2
BRH:2
end_of_record
TN:
SF:components/faq-section.tsx
FN:61,FAQSection
FN:64,(anonymous_3)
FN:65,(anonymous_4)
FN:65,(anonymous_5)
FN:69,(anonymous_6)
FN:73,(anonymous_7)
FN:97,(anonymous_8)
FN:100,(anonymous_9)
FNF:8
FNH:8
FNDA:10,FAQSection
FNDA:7,(anonymous_3)
FNDA:7,(anonymous_4)
FNDA:4,(anonymous_5)
FNDA:10,(anonymous_6)
FNDA:60,(anonymous_7)
FNDA:60,(anonymous_8)
FNDA:7,(anonymous_9)
DA:5,1
DA:6,1
DA:7,1
DA:16,1
DA:61,3
DA:62,10
DA:64,10
DA:65,7
DA:69,10
DA:70,10
DA:73,60
DA:83,10
DA:98,60
DA:100,7
LF:14
LH:14
BRDA:65,0,0,3
BRDA:65,0,1,4
BRDA:107,1,0,6
BRDA:112,2,0,60
BRDA:118,3,0,6
BRDA:118,3,1,0
BRF:6
BRH:5
end_of_record
TN:
SF:components/pricing-section.tsx
FN:8,PricingSection
FN:12,(anonymous_3)
FN:14,(anonymous_4)
FN:30,(anonymous_5)
FNF:4
FNH:4
FNDA:4,PricingSection
FNDA:3,(anonymous_3)
FNDA:1,(anonymous_4)
FNDA:3,(anonymous_5)
DA:3,1
DA:4,1
DA:5,1
DA:6,1
DA:8,3
DA:9,4
DA:10,4
DA:12,4
DA:13,3
DA:15,1
DA:16,1
DA:26,3
DA:27,3
DA:30,3
DA:31,3
DA:32,0
LF:16
LH:15
BRDA:15,0,0,1
BRDA:26,1,0,3
BRDA:31,2,0,0
BRDA:83,3,0,1
BRDA:83,3,1,3
BRF:5
BRH:4
end_of_record
TN:
SF:components/ui/button.tsx
FN:43,(anonymous_6)
FNF:1
FNH:1
FNDA:28,(anonymous_6)
DA:1,3
DA:2,3
DA:3,3
DA:5,3
DA:7,3
DA:42,3
DA:44,28
DA:54,3
DA:56,29
LF:9
LH:9
BRDA:43,0,0,15
BRDA:44,1,0,13
BRDA:44,1,1,15
BRF:3
BRH:3
end_of_record
TN:
SF:lib/utils.ts
FN:4,cn
FNF:1
FNH:1
FNDA:28,cn
DA:1,3
DA:2,3
DA:4,28
DA:5,28
LF:4
LH:4
BRF:0
BRH:0
end_of_record
